# JRE version: Java(TM) SE Runtime Environment (8.0_171-b11) (build 1.8.0_171-b11)
# Java VM: Java HotSpot(TM) Client VM (25.171-b11 mixed mode windows-x86 )
Heap:
 def new generation   total 12736K, used 2482K [0x04a00000, 0x057d0000, 0x09f50000)
  eden space 11328K,  21% used [0x04a00000, 0x04c6c870, 0x05510000)
  from space 1408K,   0% used [0x05510000, 0x05510000, 0x05670000)
  to   space 1408K,   0% used [0x05670000, 0x05670000, 0x057d0000)
 tenured generation   total 28132K, used 10985K [0x09f50000, 0x0bac9000, 0x14a00000)
   the space 28132K,  39% used [0x09f50000, 0x0aa0a520, 0x0aa0a600, 0x0bac9000)
 Metaspace       used 13593K, capacity 13821K, committed 13952K, reserved 14720K
GC Heap History (10 events):
Event: 27.474 GC heap before
{Heap before GC invocations=32 (full 21):
 def new generation   total 12736K, used 211K [0x04a00000, 0x057d0000, 0x09f50000)
  eden space 11328K,   1% used [0x04a00000, 0x04a34d08, 0x05510000)
  from space 1408K,   0% used [0x05510000, 0x05510000, 0x05670000)
  to   space 1408K,   0% used [0x05670000, 0x05670000, 0x057d0000)
 tenured generation   total 28132K, used 10970K [0x09f50000, 0x0bac9000, 0x14a00000)
   the space 28132K,  38% used [0x09f50000, 0x0aa069e0, 0x0aa06a00, 0x0bac9000)
 Metaspace       used 13540K, capacity 13789K, committed 13952K, reserved 14720K
Event: 27.494 GC heap after
Heap after GC invocations=33 (full 22):
 def new generation   total 12736K, used 0K [0x04a00000, 0x057d0000, 0x09f50000)
  eden space 11328K,   0% used [0x04a00000, 0x04a00000, 0x05510000)
  from space 1408K,   0% used [0x05510000, 0x05510000, 0x05670000)
  to   space 1408K,   0% used [0x05670000, 0x05670000, 0x057d0000)
 tenured generation   total 28132K, used 10973K [0x09f50000, 0x0bac9000, 0x14a00000)
   the space 28132K,  39% used [0x09f50000, 0x0aa076e0, 0x0aa07800, 0x0bac9000)
 Metaspace       used 13540K, capacity 13789K, committed 13952K, reserved 14720K
}
Event: 27.520 GC heap before
{Heap before GC invocations=33 (full 22):
 def new generation   total 12736K, used 213K [0x04a00000, 0x057d0000, 0x09f50000)
  eden space 11328K,   1% used [0x04a00000, 0x04a356c0, 0x05510000)
  from space 1408K,   0% used [0x05510000, 0x05510000, 0x05670000)
  to   space 1408K,   0% used [0x05670000, 0x05670000, 0x057d0000)
 tenured generation   total 28132K, used 10973K [0x09f50000, 0x0bac9000, 0x14a00000)
   the space 28132K,  39% used [0x09f50000, 0x0aa076e0, 0x0aa07800, 0x0bac9000)
 Metaspace       used 13541K, capacity 13789K, committed 13952K, reserved 14720K
Event: 27.542 GC heap after
Heap after GC invocations=34 (full 23):
 def new generation   total 12736K, used 0K [0x04a00000, 0x057d0000, 0x09f50000)
  eden space 11328K,   0% used [0x04a00000, 0x04a00000, 0x05510000)
  from space 1408K,   0% used [0x05510000, 0x05510000, 0x05670000)
  to   space 1408K,   0% used [0x05670000, 0x05670000, 0x057d0000)
 tenured generation   total 28132K, used 10991K [0x09f50000, 0x0bac9000, 0x14a00000)
   the space 28132K,  39% used [0x09f50000, 0x0aa0bc98, 0x0aa0be00, 0x0bac9000)
 Metaspace       used 13541K, capacity 13789K, committed 13952K, reserved 14720K
}
Event: 27.543 GC heap before
{Heap before GC invocations=34 (full 23):
 def new generation   total 12736K, used 211K [0x04a00000, 0x057d0000, 0x09f50000)
  eden space 11328K,   1% used [0x04a00000, 0x04a34d08, 0x05510000)
  from space 1408K,   0% used [0x05510000, 0x05510000, 0x05670000)
  to   space 1408K,   0% used [0x05670000, 0x05670000, 0x057d0000)
 tenured generation   total 28132K, used 10991K [0x09f50000, 0x0bac9000, 0x14a00000)
   the space 28132K,  39% used [0x09f50000, 0x0aa0bc98, 0x0aa0be00, 0x0bac9000)
 Metaspace       used 13541K, capacity 13789K, committed 13952K, reserved 14720K
Event: 27.566 GC heap after
Heap after GC invocations=35 (full 24):
 def new generation   total 12736K, used 0K [0x04a00000, 0x057d0000, 0x09f50000)
  eden space 11328K,   0% used [0x04a00000, 0x04a00000, 0x05510000)
  from space 1408K,   0% used [0x05510000, 0x05510000, 0x05670000)
  to   space 1408K,   0% used [0x05670000, 0x05670000, 0x057d0000)
 tenured generation   total 28132K, used 10983K [0x09f50000, 0x0bac9000, 0x14a00000)
   the space 28132K,  39% used [0x09f50000, 0x0aa09f28, 0x0aa0a000, 0x0bac9000)
 Metaspace       used 13541K, capacity 13789K, committed 13952K, reserved 14720K
}
Event: 27.568 GC heap before
{Heap before GC invocations=35 (full 24):
 def new generation   total 12736K, used 211K [0x04a00000, 0x057d0000, 0x09f50000)
  eden space 11328K,   1% used [0x04a00000, 0x04a34d08, 0x05510000)
  from space 1408K,   0% used [0x05510000, 0x05510000, 0x05670000)
  to   space 1408K,   0% used [0x05670000, 0x05670000, 0x057d0000)
 tenured generation   total 28132K, used 10983K [0x09f50000, 0x0bac9000, 0x14a00000)
   the space 28132K,  39% used [0x09f50000, 0x0aa09f28, 0x0aa0a000, 0x0bac9000)
 Metaspace       used 13541K, capacity 13789K, committed 13952K, reserved 14720K
Event: 27.589 GC heap after
Heap after GC invocations=36 (full 25):
 def new generation   total 12736K, used 0K [0x04a00000, 0x057d0000, 0x09f50000)
  eden space 11328K,   0% used [0x04a00000, 0x04a00000, 0x05510000)
  from space 1408K,   0% used [0x05510000, 0x05510000, 0x05670000)
  to   space 1408K,   0% used [0x05670000, 0x05670000, 0x057d0000)
 tenured generation   total 28132K, used 10985K [0x09f50000, 0x0bac9000, 0x14a00000)
   the space 28132K,  39% used [0x09f50000, 0x0aa0a520, 0x0aa0a600, 0x0bac9000)
 Metaspace       used 13541K, capacity 13789K, committed 13952K, reserved 14720K
}
Event: 27.589 GC heap before
{Heap before GC invocations=36 (full 25):
 def new generation   total 12736K, used 0K [0x04a00000, 0x057d0000, 0x09f50000)
  eden space 11328K,   0% used [0x04a00000, 0x04a00000, 0x05510000)
  from space 1408K,   0% used [0x05510000, 0x05510000, 0x05670000)
  to   space 1408K,   0% used [0x05670000, 0x05670000, 0x057d0000)
 tenured generation   total 28132K, used 10985K [0x09f50000, 0x0bac9000, 0x14a00000)
   the space 28132K,  39% used [0x09f50000, 0x0aa0a520, 0x0aa0a600, 0x0bac9000)
 Metaspace       used 13541K, capacity 13789K, committed 13952K, reserved 14720K
Event: 27.609 GC heap after
Heap after GC invocations=37 (full 26):
 def new generation   total 12736K, used 0K [0x04a00000, 0x057d0000, 0x09f50000)
  eden space 11328K,   0% used [0x04a00000, 0x04a00000, 0x05510000)
  from space 1408K,   0% used [0x05510000, 0x05510000, 0x05670000)
  to   space 1408K,   0% used [0x05670000, 0x05670000, 0x057d0000)
 tenured generation   total 28132K, used 10985K [0x09f50000, 0x0bac9000, 0x14a00000)
   the space 28132K,  39% used [0x09f50000, 0x0aa0a520, 0x0aa0a600, 0x0bac9000)
 Metaspace       used 13541K, capacity 13789K, committed 13952K, reserved 14720K
}

