# JRE version: Java(TM) SE Runtime Environment (8.0_171-b11) (build 1.8.0_171-b11)
# Java VM: Java HotSpot(TM) Client VM (25.171-b11 mixed mode windows-x86 )
Heap:
 def new generation   total 15040K, used 10779K [0x04800000, 0x05850000, 0x09d50000)
  eden space 13376K,  77% used [0x04800000, 0x05228e90, 0x05510000)
  from space 1664K,  22% used [0x05510000, 0x0556ddf8, 0x056b0000)
  to   space 1664K,   0% used [0x056b0000, 0x056b0000, 0x05850000)
 tenured generation   total 33316K, used 19987K [0x09d50000, 0x0bdd9000, 0x14800000)
   the space 33316K,  59% used [0x09d50000, 0x0b0d4ee0, 0x0b0d5000, 0x0bdd9000)
 Metaspace       used 14438K, capacity 14658K, committed 14848K, reserved 15744K
GC Heap History (10 events):
Event: 740.622 GC heap before
{Heap before GC invocations=46 (full 27):
 def new generation   total 12672K, used 6161K [0x04800000, 0x055b0000, 0x09d50000)
  eden space 11328K,  48% used [0x04800000, 0x04d646e8, 0x05310000)
  from space 1344K,  47% used [0x05310000, 0x053afd88, 0x05460000)
  to   space 1344K,   0% used [0x05460000, 0x05460000, 0x055b0000)
 tenured generation   total 27964K, used 20128K [0x09d50000, 0x0b89f000, 0x14800000)
   the space 27964K,  71% used [0x09d50000, 0x0b0f80c8, 0x0b0f8200, 0x0b89f000)
 Metaspace       used 14262K, capacity 14498K, committed 14592K, reserved 14720K
Event: 740.666 GC heap after
Heap after GC invocations=47 (full 28):
 def new generation   total 15040K, used 0K [0x04800000, 0x05850000, 0x09d50000)
  eden space 13376K,   0% used [0x04800000, 0x04800000, 0x05510000)
  from space 1664K,   0% used [0x05510000, 0x05510000, 0x056b0000)
  to   space 1664K,   0% used [0x056b0000, 0x056b0000, 0x05850000)
 tenured generation   total 33316K, used 19987K [0x09d50000, 0x0bdd9000, 0x14800000)
   the space 33316K,  59% used [0x09d50000, 0x0b0d4ee0, 0x0b0d5000, 0x0bdd9000)
 Metaspace       used 14262K, capacity 14498K, committed 14592K, reserved 14720K
}
Event: 1148.096 GC heap before
{Heap before GC invocations=47 (full 28):
 def new generation   total 15040K, used 13376K [0x04800000, 0x05850000, 0x09d50000)
  eden space 13376K, 100% used [0x04800000, 0x05510000, 0x05510000)
  from space 1664K,   0% used [0x05510000, 0x05510000, 0x056b0000)
  to   space 1664K,   0% used [0x056b0000, 0x056b0000, 0x05850000)
 tenured generation   total 33316K, used 19987K [0x09d50000, 0x0bdd9000, 0x14800000)
   the space 33316K,  59% used [0x09d50000, 0x0b0d4ee0, 0x0b0d5000, 0x0bdd9000)
 Metaspace       used 14415K, capacity 14658K, committed 14848K, reserved 15744K
Event: 1148.098 GC heap after
Heap after GC invocations=48 (full 28):
 def new generation   total 15040K, used 295K [0x04800000, 0x05850000, 0x09d50000)
  eden space 13376K,   0% used [0x04800000, 0x04800000, 0x05510000)
  from space 1664K,  17% used [0x056b0000, 0x056f9c68, 0x05850000)
  to   space 1664K,   0% used [0x05510000, 0x05510000, 0x056b0000)
 tenured generation   total 33316K, used 19987K [0x09d50000, 0x0bdd9000, 0x14800000)
   the space 33316K,  59% used [0x09d50000, 0x0b0d4ee0, 0x0b0d5000, 0x0bdd9000)
 Metaspace       used 14415K, capacity 14658K, committed 14848K, reserved 15744K
}
Event: 1382.399 GC heap before
{Heap before GC invocations=48 (full 28):
 def new generation   total 15040K, used 13671K [0x04800000, 0x05850000, 0x09d50000)
  eden space 13376K, 100% used [0x04800000, 0x05510000, 0x05510000)
  from space 1664K,  17% used [0x056b0000, 0x056f9c68, 0x05850000)
  to   space 1664K,   0% used [0x05510000, 0x05510000, 0x056b0000)
 tenured generation   total 33316K, used 19987K [0x09d50000, 0x0bdd9000, 0x14800000)
   the space 33316K,  59% used [0x09d50000, 0x0b0d4ee0, 0x0b0d5000, 0x0bdd9000)
 Metaspace       used 14423K, capacity 14658K, committed 14848K, reserved 15744K
Event: 1382.401 GC heap after
Heap after GC invocations=49 (full 28):
 def new generation   total 15040K, used 381K [0x04800000, 0x05850000, 0x09d50000)
  eden space 13376K,   0% used [0x04800000, 0x04800000, 0x05510000)
  from space 1664K,  22% used [0x05510000, 0x0556f4d8, 0x056b0000)
  to   space 1664K,   0% used [0x056b0000, 0x056b0000, 0x05850000)
 tenured generation   total 33316K, used 19987K [0x09d50000, 0x0bdd9000, 0x14800000)
   the space 33316K,  59% used [0x09d50000, 0x0b0d4ee0, 0x0b0d5000, 0x0bdd9000)
 Metaspace       used 14423K, capacity 14658K, committed 14848K, reserved 15744K
}
Event: 1550.897 GC heap before
{Heap before GC invocations=49 (full 28):
 def new generation   total 15040K, used 13757K [0x04800000, 0x05850000, 0x09d50000)
  eden space 13376K, 100% used [0x04800000, 0x05510000, 0x05510000)
  from space 1664K,  22% used [0x05510000, 0x0556f4d8, 0x056b0000)
  to   space 1664K,   0% used [0x056b0000, 0x056b0000, 0x05850000)
 tenured generation   total 33316K, used 19987K [0x09d50000, 0x0bdd9000, 0x14800000)
   the space 33316K,  59% used [0x09d50000, 0x0b0d4ee0, 0x0b0d5000, 0x0bdd9000)
 Metaspace       used 14423K, capacity 14658K, committed 14848K, reserved 15744K
Event: 1550.899 GC heap after
Heap after GC invocations=50 (full 28):
 def new generation   total 15040K, used 205K [0x04800000, 0x05850000, 0x09d50000)
  eden space 13376K,   0% used [0x04800000, 0x04800000, 0x05510000)
  from space 1664K,  12% used [0x056b0000, 0x056e3430, 0x05850000)
  to   space 1664K,   0% used [0x05510000, 0x05510000, 0x056b0000)
 tenured generation   total 33316K, used 19987K [0x09d50000, 0x0bdd9000, 0x14800000)
   the space 33316K,  59% used [0x09d50000, 0x0b0d4ee0, 0x0b0d5000, 0x0bdd9000)
 Metaspace       used 14423K, capacity 14658K, committed 14848K, reserved 15744K
}
Event: 1703.617 GC heap before
{Heap before GC invocations=50 (full 28):
 def new generation   total 15040K, used 13581K [0x04800000, 0x05850000, 0x09d50000)
  eden space 13376K, 100% used [0x04800000, 0x05510000, 0x05510000)
  from space 1664K,  12% used [0x056b0000, 0x056e3430, 0x05850000)
  to   space 1664K,   0% used [0x05510000, 0x05510000, 0x056b0000)
 tenured generation   total 33316K, used 19987K [0x09d50000, 0x0bdd9000, 0x14800000)
   the space 33316K,  59% used [0x09d50000, 0x0b0d4ee0, 0x0b0d5000, 0x0bdd9000)
 Metaspace       used 14423K, capacity 14658K, committed 14848K, reserved 15744K
Event: 1703.619 GC heap after
Heap after GC invocations=51 (full 28):
 def new generation   total 15040K, used 375K [0x04800000, 0x05850000, 0x09d50000)
  eden space 13376K,   0% used [0x04800000, 0x04800000, 0x05510000)
  from space 1664K,  22% used [0x05510000, 0x0556ddf8, 0x056b0000)
  to   space 1664K,   0% used [0x056b0000, 0x056b0000, 0x05850000)
 tenured generation   total 33316K, used 19987K [0x09d50000, 0x0bdd9000, 0x14800000)
   the space 33316K,  59% used [0x09d50000, 0x0b0d4ee0, 0x0b0d5000, 0x0bdd9000)
 Metaspace       used 14423K, capacity 14658K, committed 14848K, reserved 15744K
}

